<?xml version="1.0" encoding="UTF-8"?>
<testsuite name="hello.core.CoreApplicationTests" tests="1" skipped="0" failures="0" errors="0" timestamp="2022-06-28T12:58:17" hostname="DESKTOP-4JT99OM" time="1.448">
  <properties/>
  <testcase name="contextLoads()" classname="hello.core.CoreApplicationTests" time="1.448"/>
  <system-out><![CDATA[21:58:09.525 [Test worker] DEBUG org.springframework.test.context.BootstrapUtils - Instantiating CacheAwareContextLoaderDelegate from class [org.springframework.test.context.cache.DefaultCacheAwareContextLoaderDelegate]
21:58:09.599 [Test worker] DEBUG org.springframework.test.context.BootstrapUtils - Instantiating BootstrapContext using constructor [public org.springframework.test.context.support.DefaultBootstrapContext(java.lang.Class,org.springframework.test.context.CacheAwareContextLoaderDelegate)]
21:58:09.770 [Test worker] DEBUG org.springframework.test.context.BootstrapUtils - Instantiating TestContextBootstrapper for test class [hello.core.CoreApplicationTests] from class [org.springframework.boot.test.context.SpringBootTestContextBootstrapper]
21:58:09.821 [Test worker] INFO org.springframework.boot.test.context.SpringBootTestContextBootstrapper - Neither @ContextConfiguration nor @ContextHierarchy found for test class [hello.core.CoreApplicationTests], using SpringBootContextLoader
21:58:09.848 [Test worker] DEBUG org.springframework.test.context.support.AbstractContextLoader - Did not detect default resource location for test class [hello.core.CoreApplicationTests]: class path resource [hello/core/CoreApplicationTests-context.xml] does not exist
21:58:09.862 [Test worker] DEBUG org.springframework.test.context.support.AbstractContextLoader - Did not detect default resource location for test class [hello.core.CoreApplicationTests]: class path resource [hello/core/CoreApplicationTestsContext.groovy] does not exist
21:58:09.873 [Test worker] INFO org.springframework.test.context.support.AbstractContextLoader - Could not detect default resource locations for test class [hello.core.CoreApplicationTests]: no resource found for suffixes {-context.xml, Context.groovy}.
21:58:09.890 [Test worker] INFO org.springframework.test.context.support.AnnotationConfigContextLoaderUtils - Could not detect default configuration classes for test class [hello.core.CoreApplicationTests]: CoreApplicationTests does not declare any static, non-private, non-final, nested classes annotated with @Configuration.
21:58:10.151 [Test worker] DEBUG org.springframework.test.context.support.ActiveProfilesUtils - Could not find an 'annotation declaring class' for annotation type [org.springframework.test.context.ActiveProfiles] and class [hello.core.CoreApplicationTests]
21:58:10.531 [Test worker] DEBUG org.springframework.context.annotation.ClassPathScanningCandidateComponentProvider - Identified candidate component class: file [C:\Users\aysel\Documents\Study-Record\Ch05\SpringBoot-Basic\Ch05\build\classes\java\main\hello\core\CoreApplication.class]
21:58:10.539 [Test worker] INFO org.springframework.boot.test.context.SpringBootTestContextBootstrapper - Found @SpringBootConfiguration hello.core.CoreApplication for test class hello.core.CoreApplicationTests
21:58:11.372 [Test worker] DEBUG org.springframework.boot.test.context.SpringBootTestContextBootstrapper - @TestExecutionListeners is not present for class [hello.core.CoreApplicationTests]: using defaults.
21:58:11.374 [Test worker] INFO org.springframework.boot.test.context.SpringBootTestContextBootstrapper - Loaded default TestExecutionListener class names from location [META-INF/spring.factories]: [org.springframework.boot.test.autoconfigure.restdocs.RestDocsTestExecutionListener, org.springframework.boot.test.autoconfigure.web.client.MockRestServiceServerResetTestExecutionListener, org.springframework.boot.test.autoconfigure.web.servlet.MockMvcPrintOnlyOnFailureTestExecutionListener, org.springframework.boot.test.autoconfigure.web.servlet.WebDriverTestExecutionListener, org.springframework.boot.test.autoconfigure.webservices.client.MockWebServiceServerTestExecutionListener, org.springframework.boot.test.mock.mockito.MockitoTestExecutionListener, org.springframework.boot.test.mock.mockito.ResetMocksTestExecutionListener, org.springframework.test.context.web.ServletTestExecutionListener, org.springframework.test.context.support.DirtiesContextBeforeModesTestExecutionListener, org.springframework.test.context.event.ApplicationEventsTestExecutionListener, org.springframework.test.context.support.DependencyInjectionTestExecutionListener, org.springframework.test.context.support.DirtiesContextTestExecutionListener, org.springframework.test.context.transaction.TransactionalTestExecutionListener, org.springframework.test.context.jdbc.SqlScriptsTestExecutionListener, org.springframework.test.context.event.EventPublishingTestExecutionListener]
21:58:11.443 [Test worker] DEBUG org.springframework.boot.test.context.SpringBootTestContextBootstrapper - Skipping candidate TestExecutionListener [org.springframework.test.context.web.ServletTestExecutionListener] due to a missing dependency. Specify custom listener classes or make the default listener classes and their required dependencies available. Offending class: [javax/servlet/ServletContext]
21:58:11.453 [Test worker] DEBUG org.springframework.boot.test.context.SpringBootTestContextBootstrapper - Skipping candidate TestExecutionListener [org.springframework.test.context.transaction.TransactionalTestExecutionListener] due to a missing dependency. Specify custom listener classes or make the default listener classes and their required dependencies available. Offending class: [org/springframework/transaction/interceptor/TransactionAttributeSource]
21:58:11.455 [Test worker] DEBUG org.springframework.boot.test.context.SpringBootTestContextBootstrapper - Skipping candidate TestExecutionListener [org.springframework.test.context.jdbc.SqlScriptsTestExecutionListener] due to a missing dependency. Specify custom listener classes or make the default listener classes and their required dependencies available. Offending class: [org/springframework/transaction/interceptor/TransactionAttribute]
21:58:11.457 [Test worker] INFO org.springframework.boot.test.context.SpringBootTestContextBootstrapper - Using TestExecutionListeners: [org.springframework.test.context.support.DirtiesContextBeforeModesTestExecutionListener@27216cd, org.springframework.test.context.event.ApplicationEventsTestExecutionListener@558bdf1f, org.springframework.boot.test.mock.mockito.MockitoTestExecutionListener@8576fa0, org.springframework.boot.test.autoconfigure.SpringBootDependencyInjectionTestExecutionListener@7582ff54, org.springframework.test.context.support.DirtiesContextTestExecutionListener@67545b57, org.springframework.test.context.event.EventPublishingTestExecutionListener@6c2c1385, org.springframework.boot.test.autoconfigure.restdocs.RestDocsTestExecutionListener@5f354bcf, org.springframework.boot.test.autoconfigure.web.client.MockRestServiceServerResetTestExecutionListener@3daf7722, org.springframework.boot.test.autoconfigure.web.servlet.MockMvcPrintOnlyOnFailureTestExecutionListener@78641d23, org.springframework.boot.test.autoconfigure.web.servlet.WebDriverTestExecutionListener@74589991, org.springframework.boot.test.autoconfigure.webservices.client.MockWebServiceServerTestExecutionListener@146dfe6, org.springframework.boot.test.mock.mockito.ResetMocksTestExecutionListener@4716be8b]
21:58:11.493 [Test worker] DEBUG org.springframework.test.context.support.AbstractDirtiesContextTestExecutionListener - Before test class: context [DefaultTestContext@14fc1f0 testClass = CoreApplicationTests, testInstance = [null], testMethod = [null], testException = [null], mergedContextConfiguration = [MergedContextConfiguration@4ae9cfc1 testClass = CoreApplicationTests, locations = '{}', classes = '{class hello.core.CoreApplication}', contextInitializerClasses = '[]', activeProfiles = '{}', propertySourceLocations = '{}', propertySourceProperties = '{org.springframework.boot.test.context.SpringBootTestContextBootstrapper=true}', contextCustomizers = set[org.springframework.boot.test.autoconfigure.actuate.metrics.MetricsExportContextCustomizerFactory$DisableMetricExportContextCustomizer@53045c6c, org.springframework.boot.test.autoconfigure.properties.PropertyMappingContextCustomizer@0, org.springframework.boot.test.autoconfigure.web.servlet.WebDriverContextCustomizerFactory$Customizer@3f191845, org.springframework.boot.test.context.filter.ExcludeFilterContextCustomizer@909217e, org.springframework.boot.test.json.DuplicateJsonObjectContextCustomizerFactory$DuplicateJsonObjectContextCustomizer@68c9133c, org.springframework.boot.test.mock.mockito.MockitoContextCustomizer@0, org.springframework.boot.test.web.client.TestRestTemplateContextCustomizer@6e9a5ed8, org.springframework.boot.test.context.SpringBootTestArgs@1, org.springframework.boot.test.context.SpringBootTestWebEnvironment@6a01e23], contextLoader = 'org.springframework.boot.test.context.SpringBootContextLoader', parent = [null]], attributes = map[[empty]]], class annotated with @DirtiesContext [false] with mode [null].
21:58:11.558 [Test worker] DEBUG org.springframework.test.context.support.DependencyInjectionTestExecutionListener - Performing dependency injection for test context [[DefaultTestContext@14fc1f0 testClass = CoreApplicationTests, testInstance = hello.core.CoreApplicationTests@e57b96d, testMethod = [null], testException = [null], mergedContextConfiguration = [MergedContextConfiguration@4ae9cfc1 testClass = CoreApplicationTests, locations = '{}', classes = '{class hello.core.CoreApplication}', contextInitializerClasses = '[]', activeProfiles = '{}', propertySourceLocations = '{}', propertySourceProperties = '{org.springframework.boot.test.context.SpringBootTestContextBootstrapper=true}', contextCustomizers = set[org.springframework.boot.test.autoconfigure.actuate.metrics.MetricsExportContextCustomizerFactory$DisableMetricExportContextCustomizer@53045c6c, org.springframework.boot.test.autoconfigure.properties.PropertyMappingContextCustomizer@0, org.springframework.boot.test.autoconfigure.web.servlet.WebDriverContextCustomizerFactory$Customizer@3f191845, org.springframework.boot.test.context.filter.ExcludeFilterContextCustomizer@909217e, org.springframework.boot.test.json.DuplicateJsonObjectContextCustomizerFactory$DuplicateJsonObjectContextCustomizer@68c9133c, org.springframework.boot.test.mock.mockito.MockitoContextCustomizer@0, org.springframework.boot.test.web.client.TestRestTemplateContextCustomizer@6e9a5ed8, org.springframework.boot.test.context.SpringBootTestArgs@1, org.springframework.boot.test.context.SpringBootTestWebEnvironment@6a01e23], contextLoader = 'org.springframework.boot.test.context.SpringBootContextLoader', parent = [null]], attributes = map['org.springframework.test.context.event.ApplicationEventsTestExecutionListener.recordApplicationEvents' -> false]]].

  .   ____          _            __ _ _
 /\\ / ___'_ __ _ _(_)_ __  __ _ \ \ \ \
( ( )\___ | '_ | '_| | '_ \/ _` | \ \ \ \
 \\/  ___)| |_)| | | | | || (_| |  ) ) ) )
  '  |____| .__|_| |_|_| |_\__, | / / / /
 =========|_|==============|___/=/_/_/_/
 :: Spring Boot ::                (v2.7.0)

2022-06-28 21:58:13.742  INFO 25624 --- [    Test worker] hello.core.CoreApplicationTests          : Starting CoreApplicationTests using Java 1.8.0_192 on DESKTOP-4JT99OM with PID 25624 (started by aysel in C:\Users\aysel\Documents\Study-Record\Ch05\SpringBoot-Basic\Ch05)
2022-06-28 21:58:13.751  INFO 25624 --- [    Test worker] hello.core.CoreApplicationTests          : No active profile set, falling back to 1 default profile: "default"
call AppConfig.memberService
call AppConfig.memberRepository
call AppConfig.orderService
2022-06-28 21:58:17.617  INFO 25624 --- [    Test worker] hello.core.CoreApplicationTests          : Started CoreApplicationTests in 5.899 seconds (JVM running for 13.372)
]]></system-out>
  <system-err><![CDATA[]]></system-err>
</testsuite>
