<?xml version="1.0" encoding="UTF-8"?>
<testsuite name="hello.core.singleton.SingletonTest" tests="3" skipped="0" failures="0" errors="0" timestamp="2022-06-28T12:58:22" hostname="DESKTOP-4JT99OM" time="0.046">
  <properties/>
  <testcase name="스프링 없는 순수한 DI 컨테이너" classname="hello.core.singleton.SingletonTest" time="0.011"/>
  <testcase name="싱글톤 패턴을 적용한 객체 사용" classname="hello.core.singleton.SingletonTest" time="0.001"/>
  <testcase name="스프링 컨테이너와 싱글톤" classname="hello.core.singleton.SingletonTest" time="0.03"/>
  <system-out><![CDATA[call AppConfig.memberService
call AppConfig.memberRepository
call AppConfig.memberService
call AppConfig.memberRepository
memberService1 = hello.core.member.MemberServiceImpl@506dcf55
memberService2 = hello.core.member.MemberServiceImpl@270b6b5e
singletonService1 = hello.core.singleton.SingletonService@7e94d093
singletonService2 = hello.core.singleton.SingletonService@7e94d093
call AppConfig.memberService
call AppConfig.memberRepository
call AppConfig.orderService
memberService1 = hello.core.member.MemberServiceImpl@c1fa7d4
memberService2 = hello.core.member.MemberServiceImpl@c1fa7d4
]]></system-out>
  <system-err><![CDATA[]]></system-err>
</testsuite>
